{"/Users/admin/Desktop/learning_repos/2_week/express_backend_js/__tests__/datasets.ts": {"path":"/Users/admin/Desktop/learning_repos/2_week/express_backend_js/__tests__/datasets.ts","statementMap":{"0":{"start":{"line":5,"column":13},"end":{"line":24,"column":2}},"1":{"start":{"line":26,"column":13},"end":{"line":51,"column":2}},"2":{"start":{"line":53,"column":13},"end":{"line":56,"column":2}}},"fnMap":{},"branchMap":{},"s":{"0":2,"1":2,"2":2},"f":{},"b":{}}
,"/Users/admin/Desktop/learning_repos/2_week/express_backend_js/__tests__/test-helpers.ts": {"path":"/Users/admin/Desktop/learning_repos/2_week/express_backend_js/__tests__/test-helpers.ts","statementMap":{"0":{"start":{"line":1,"column":0},"end":{"line":1,"column":30}},"1":{"start":{"line":2,"column":0},"end":{"line":2,"column":31}},"2":{"start":{"line":4,"column":13},"end":{"line":4,"column":null}}},"fnMap":{},"branchMap":{},"s":{"0":2,"1":2,"2":2},"f":{},"b":{}}
,"/Users/admin/Desktop/learning_repos/2_week/express_backend_js/src/app.ts": {"path":"/Users/admin/Desktop/learning_repos/2_week/express_backend_js/src/app.ts","statementMap":{"0":{"start":{"line":1,"column":0},"end":{"line":1,"column":29}},"1":{"start":{"line":2,"column":0},"end":{"line":2,"column":23}},"2":{"start":{"line":3,"column":0},"end":{"line":3,"column":35}},"3":{"start":{"line":4,"column":0},"end":{"line":4,"column":67}},"4":{"start":{"line":5,"column":0},"end":{"line":5,"column":51}},"5":{"start":{"line":8,"column":13},"end":{"line":8,"column":null}},"6":{"start":{"line":10,"column":0},"end":{"line":10,"column":null}},"7":{"start":{"line":12,"column":0},"end":{"line":12,"column":null}},"8":{"start":{"line":14,"column":0},"end":{"line":16,"column":null}},"9":{"start":{"line":15,"column":4},"end":{"line":15,"column":null}},"10":{"start":{"line":18,"column":0},"end":{"line":18,"column":null}},"11":{"start":{"line":19,"column":0},"end":{"line":19,"column":null}},"12":{"start":{"line":20,"column":0},"end":{"line":20,"column":null}}},"fnMap":{"0":{"name":"(anonymous_1)","decl":{"start":{"line":14,"column":13},"end":{"line":14,"column":14}},"loc":{"start":{"line":14,"column":26},"end":{"line":16,"column":1}}}},"branchMap":{},"s":{"0":2,"1":2,"2":2,"3":2,"4":2,"5":2,"6":2,"7":2,"8":2,"9":0,"10":2,"11":2,"12":2},"f":{"0":0},"b":{}}
,"/Users/admin/Desktop/learning_repos/2_week/express_backend_js/src/middlewares.ts": {"path":"/Users/admin/Desktop/learning_repos/2_week/express_backend_js/src/middlewares.ts","statementMap":{"0":{"start":{"line":2,"column":0},"end":{"line":2,"column":56}},"1":{"start":{"line":3,"column":0},"end":{"line":3,"column":53}},"2":{"start":{"line":4,"column":0},"end":{"line":4,"column":35}},"3":{"start":{"line":8,"column":13},"end":{"line":17,"column":null}},"4":{"start":{"line":10,"column":21},"end":{"line":10,"column":48}},"5":{"start":{"line":11,"column":8},"end":{"line":14,"column":9}},"6":{"start":{"line":12,"column":10},"end":{"line":12,"column":null}},"7":{"start":{"line":13,"column":10},"end":{"line":13,"column":null}},"8":{"start":{"line":15,"column":8},"end":{"line":15,"column":null}},"9":{"start":{"line":19,"column":42},"end":{"line":31,"column":1}},"10":{"start":{"line":20,"column":19},"end":{"line":20,"column":40}},"11":{"start":{"line":21,"column":4},"end":{"line":21,"column":null}},"12":{"start":{"line":22,"column":4},"end":{"line":24,"column":5}},"13":{"start":{"line":23,"column":6},"end":{"line":23,"column":13}},"14":{"start":{"line":25,"column":28},"end":{"line":28,"column":7}},"15":{"start":{"line":25,"column":55},"end":{"line":28,"column":6}},"16":{"start":{"line":29,"column":4},"end":{"line":29,"column":62}},"17":{"start":{"line":30,"column":4},"end":{"line":30,"column":11}},"18":{"start":{"line":19,"column":13},"end":{"line":19,"column":42}},"19":{"start":{"line":33,"column":39},"end":{"line":43,"column":1}},"20":{"start":{"line":34,"column":17},"end":{"line":34,"column":42}},"21":{"start":{"line":35,"column":17},"end":{"line":35,"column":44}},"22":{"start":{"line":36,"column":17},"end":{"line":36,"column":53}},"23":{"start":{"line":37,"column":27},"end":{"line":37,"column":42}},"24":{"start":{"line":38,"column":4},"end":{"line":42,"column":5}},"25":{"start":{"line":39,"column":8},"end":{"line":39,"column":null}},"26":{"start":{"line":41,"column":8},"end":{"line":41,"column":null}},"27":{"start":{"line":33,"column":13},"end":{"line":33,"column":39}}},"fnMap":{"0":{"name":"(anonymous_0)","decl":{"start":{"line":9,"column":26},"end":{"line":9,"column":27}},"loc":{"start":{"line":9,"column":37},"end":{"line":16,"column":5}}},"1":{"name":"(anonymous_1)","decl":{"start":{"line":19,"column":42},"end":{"line":19,"column":43}},"loc":{"start":{"line":19,"column":94},"end":{"line":31,"column":1}}},"2":{"name":"(anonymous_2)","decl":{"start":{"line":25,"column":47},"end":{"line":25,"column":50}},"loc":{"start":{"line":25,"column":55},"end":{"line":28,"column":6}}},"3":{"name":"(anonymous_3)","decl":{"start":{"line":33,"column":39},"end":{"line":33,"column":40}},"loc":{"start":{"line":33,"column":91},"end":{"line":43,"column":1}}}},"branchMap":{"0":{"loc":{"start":{"line":11,"column":8},"end":{"line":14,"column":9}},"type":"if","locations":[{"start":{"line":11,"column":8},"end":{"line":14,"column":9}}]},"1":{"loc":{"start":{"line":22,"column":4},"end":{"line":24,"column":5}},"type":"if","locations":[{"start":{"line":22,"column":4},"end":{"line":24,"column":5}}]},"2":{"loc":{"start":{"line":38,"column":4},"end":{"line":42,"column":5}},"type":"if","locations":[{"start":{"line":38,"column":4},"end":{"line":42,"column":5}},{"start":{"line":40,"column":11},"end":{"line":42,"column":5}}]},"3":{"loc":{"start":{"line":38,"column":8},"end":{"line":38,"column":39}},"type":"binary-expr","locations":[{"start":{"line":38,"column":8},"end":{"line":38,"column":12}},{"start":{"line":38,"column":16},"end":{"line":38,"column":39}}]}},"s":{"0":2,"1":2,"2":2,"3":2,"4":1,"5":1,"6":0,"7":0,"8":1,"9":2,"10":6,"11":6,"12":6,"13":6,"14":6,"15":0,"16":6,"17":0,"18":2,"19":2,"20":6,"21":6,"22":6,"23":6,"24":6,"25":6,"26":0,"27":2},"f":{"0":1,"1":6,"2":0,"3":6},"b":{"0":[0],"1":[6],"2":[6,0],"3":[6,6]}}
,"/Users/admin/Desktop/learning_repos/2_week/express_backend_js/src/settings.ts": {"path":"/Users/admin/Desktop/learning_repos/2_week/express_backend_js/src/settings.ts","statementMap":{"0":{"start":{"line":1,"column":0},"end":{"line":1,"column":29}},"1":{"start":{"line":2,"column":0},"end":{"line":2,"column":9}},"2":{"start":{"line":4,"column":13},"end":{"line":12,"column":null}}},"fnMap":{},"branchMap":{"0":{"loc":{"start":{"line":5,"column":10},"end":{"line":5,"column":34}},"type":"binary-expr","locations":[{"start":{"line":5,"column":10},"end":{"line":5,"column":26}},{"start":{"line":5,"column":30},"end":{"line":5,"column":34}}]}},"s":{"0":2,"1":2,"2":2},"f":{},"b":{"0":[2,2]}}
,"/Users/admin/Desktop/learning_repos/2_week/express_backend_js/src/blogs/blogRepository.ts": {"path":"/Users/admin/Desktop/learning_repos/2_week/express_backend_js/src/blogs/blogRepository.ts","statementMap":{"0":{"start":{"line":2,"column":0},"end":{"line":2,"column":29}},"1":{"start":{"line":4,"column":13},"end":{"line":72,"column":null}},"2":{"start":{"line":6,"column":17},"end":{"line":8,"column":null}},"3":{"start":{"line":11,"column":4},"end":{"line":16,"column":5}},"4":{"start":{"line":12,"column":6},"end":{"line":12,"column":null}},"5":{"start":{"line":15,"column":6},"end":{"line":15,"column":null}},"6":{"start":{"line":18,"column":4},"end":{"line":18,"column":null}},"7":{"start":{"line":21,"column":4},"end":{"line":21,"column":null}},"8":{"start":{"line":21,"column":30},"end":{"line":21,"column":41}},"9":{"start":{"line":24,"column":17},"end":{"line":24,"column":30}},"10":{"start":{"line":25,"column":4},"end":{"line":27,"column":5}},"11":{"start":{"line":26,"column":6},"end":{"line":26,"column":null}},"12":{"start":{"line":28,"column":4},"end":{"line":28,"column":null}},"13":{"start":{"line":31,"column":4},"end":{"line":31,"column":null}},"14":{"start":{"line":34,"column":17},"end":{"line":34,"column":48}},"15":{"start":{"line":34,"column":36},"end":{"line":34,"column":47}},"16":{"start":{"line":35,"column":4},"end":{"line":37,"column":5}},"17":{"start":{"line":36,"column":6},"end":{"line":36,"column":null}},"18":{"start":{"line":38,"column":21},"end":{"line":40,"column":null}},"19":{"start":{"line":43,"column":4},"end":{"line":48,"column":5}},"20":{"start":{"line":44,"column":6},"end":{"line":44,"column":null}},"21":{"start":{"line":44,"column":35},"end":{"line":44,"column":64}},"22":{"start":{"line":47,"column":6},"end":{"line":47,"column":null}},"23":{"start":{"line":49,"column":4},"end":{"line":49,"column":16}},"24":{"start":{"line":52,"column":17},"end":{"line":52,"column":48}},"25":{"start":{"line":52,"column":36},"end":{"line":52,"column":47}},"26":{"start":{"line":53,"column":4},"end":{"line":55,"column":5}},"27":{"start":{"line":54,"column":6},"end":{"line":54,"column":null}},"28":{"start":{"line":57,"column":4},"end":{"line":62,"column":5}},"29":{"start":{"line":58,"column":6},"end":{"line":58,"column":null}},"30":{"start":{"line":58,"column":38},"end":{"line":58,"column":49}},"31":{"start":{"line":61,"column":6},"end":{"line":61,"column":null}},"32":{"start":{"line":64,"column":4},"end":{"line":64,"column":16}},"33":{"start":{"line":67,"column":4},"end":{"line":70,"column":null}}},"fnMap":{"0":{"name":"(anonymous_0)","decl":{"start":{"line":5,"column":2},"end":{"line":5,"column":8}},"loc":{"start":{"line":5,"column":30},"end":{"line":19,"column":3}}},"1":{"name":"(anonymous_1)","decl":{"start":{"line":20,"column":2},"end":{"line":20,"column":6}},"loc":{"start":{"line":20,"column":17},"end":{"line":22,"column":3}}},"2":{"name":"(anonymous_2)","decl":{"start":{"line":21,"column":25},"end":{"line":21,"column":26}},"loc":{"start":{"line":21,"column":30},"end":{"line":21,"column":41}}},"3":{"name":"(anonymous_3)","decl":{"start":{"line":23,"column":2},"end":{"line":23,"column":15}},"loc":{"start":{"line":23,"column":26},"end":{"line":29,"column":3}}},"4":{"name":"(anonymous_4)","decl":{"start":{"line":30,"column":2},"end":{"line":30,"column":10}},"loc":{"start":{"line":30,"column":10},"end":{"line":32,"column":3}}},"5":{"name":"(anonymous_5)","decl":{"start":{"line":33,"column":2},"end":{"line":33,"column":8}},"loc":{"start":{"line":33,"column":47},"end":{"line":50,"column":3}}},"6":{"name":"(anonymous_6)","decl":{"start":{"line":34,"column":31},"end":{"line":34,"column":32}},"loc":{"start":{"line":34,"column":36},"end":{"line":34,"column":47}}},"7":{"name":"(anonymous_7)","decl":{"start":{"line":44,"column":30},"end":{"line":44,"column":31}},"loc":{"start":{"line":44,"column":35},"end":{"line":44,"column":64}}},"8":{"name":"(anonymous_8)","decl":{"start":{"line":51,"column":2},"end":{"line":51,"column":8}},"loc":{"start":{"line":51,"column":19},"end":{"line":65,"column":3}}},"9":{"name":"(anonymous_9)","decl":{"start":{"line":52,"column":31},"end":{"line":52,"column":32}},"loc":{"start":{"line":52,"column":36},"end":{"line":52,"column":47}}},"10":{"name":"(anonymous_10)","decl":{"start":{"line":58,"column":33},"end":{"line":58,"column":34}},"loc":{"start":{"line":58,"column":38},"end":{"line":58,"column":49}}},"11":{"name":"(anonymous_11)","decl":{"start":{"line":66,"column":2},"end":{"line":66,"column":13}},"loc":{"start":{"line":66,"column":30},"end":{"line":71,"column":3}}}},"branchMap":{"0":{"loc":{"start":{"line":25,"column":4},"end":{"line":27,"column":5}},"type":"if","locations":[{"start":{"line":25,"column":4},"end":{"line":27,"column":5}}]},"1":{"loc":{"start":{"line":35,"column":4},"end":{"line":37,"column":5}},"type":"if","locations":[{"start":{"line":35,"column":4},"end":{"line":37,"column":5}}]},"2":{"loc":{"start":{"line":44,"column":35},"end":{"line":44,"column":64}},"type":"cond-expr","locations":[{"start":{"line":44,"column":49},"end":{"line":44,"column":60}},{"start":{"line":44,"column":63},"end":{"line":44,"column":64}}]},"3":{"loc":{"start":{"line":53,"column":4},"end":{"line":55,"column":5}},"type":"if","locations":[{"start":{"line":53,"column":4},"end":{"line":55,"column":5}}]}},"s":{"0":2,"1":2,"2":1,"3":1,"4":1,"5":0,"6":1,"7":3,"8":5,"9":2,"10":2,"11":1,"12":1,"13":2,"14":1,"15":1,"16":1,"17":0,"18":1,"19":1,"20":1,"21":3,"22":0,"23":1,"24":1,"25":1,"26":1,"27":0,"28":1,"29":1,"30":3,"31":0,"32":1,"33":0},"f":{"0":1,"1":3,"2":5,"3":2,"4":2,"5":1,"6":1,"7":3,"8":1,"9":1,"10":3,"11":0},"b":{"0":[1],"1":[0],"2":[1,2],"3":[0]}}
,"/Users/admin/Desktop/learning_repos/2_week/express_backend_js/src/blogs/blogsController.ts": {"path":"/Users/admin/Desktop/learning_repos/2_week/express_backend_js/src/blogs/blogsController.ts","statementMap":{"0":{"start":{"line":1,"column":0},"end":{"line":1,"column":52}},"1":{"start":{"line":2,"column":0},"end":{"line":2,"column":50}},"2":{"start":{"line":3,"column":0},"end":{"line":3,"column":48}},"3":{"start":{"line":4,"column":0},"end":{"line":4,"column":85}},"4":{"start":{"line":6,"column":13},"end":{"line":6,"column":36}},"5":{"start":{"line":8,"column":13},"end":{"line":45,"column":2}},"6":{"start":{"line":10,"column":18},"end":{"line":10,"column":43}},"7":{"start":{"line":11,"column":4},"end":{"line":14,"column":5}},"8":{"start":{"line":12,"column":6},"end":{"line":12,"column":45}},"9":{"start":{"line":13,"column":6},"end":{"line":13,"column":13}},"10":{"start":{"line":15,"column":4},"end":{"line":15,"column":32}},"11":{"start":{"line":18,"column":19},"end":{"line":18,"column":50}},"12":{"start":{"line":19,"column":4},"end":{"line":19,"column":33}},"13":{"start":{"line":22,"column":19},"end":{"line":22,"column":72}},"14":{"start":{"line":23,"column":4},"end":{"line":26,"column":5}},"15":{"start":{"line":24,"column":6},"end":{"line":24,"column":35}},"16":{"start":{"line":25,"column":6},"end":{"line":25,"column":13}},"17":{"start":{"line":27,"column":4},"end":{"line":27,"column":33}},"18":{"start":{"line":30,"column":19},"end":{"line":30,"column":75}},"19":{"start":{"line":31,"column":4},"end":{"line":34,"column":5}},"20":{"start":{"line":32,"column":6},"end":{"line":32,"column":35}},"21":{"start":{"line":33,"column":6},"end":{"line":33,"column":13}},"22":{"start":{"line":35,"column":4},"end":{"line":35,"column":33}},"23":{"start":{"line":38,"column":19},"end":{"line":38,"column":65}},"24":{"start":{"line":39,"column":4},"end":{"line":42,"column":5}},"25":{"start":{"line":40,"column":6},"end":{"line":40,"column":35}},"26":{"start":{"line":41,"column":6},"end":{"line":41,"column":13}},"27":{"start":{"line":43,"column":4},"end":{"line":43,"column":33}},"28":{"start":{"line":47,"column":0},"end":{"line":47,"column":46}},"29":{"start":{"line":48,"column":0},"end":{"line":69,"column":2}},"30":{"start":{"line":70,"column":0},"end":{"line":99,"column":2}},"31":{"start":{"line":100,"column":0},"end":{"line":100,"column":52}},"32":{"start":{"line":101,"column":0},"end":{"line":109,"column":27}}},"fnMap":{"0":{"name":"(anonymous_0)","decl":{"start":{"line":9,"column":12},"end":{"line":9,"column":13}},"loc":{"start":{"line":9,"column":44},"end":{"line":16,"column":3}}},"1":{"name":"(anonymous_1)","decl":{"start":{"line":17,"column":14},"end":{"line":17,"column":15}},"loc":{"start":{"line":17,"column":46},"end":{"line":20,"column":3}}},"2":{"name":"(anonymous_2)","decl":{"start":{"line":21,"column":15},"end":{"line":21,"column":16}},"loc":{"start":{"line":21,"column":47},"end":{"line":28,"column":3}}},"3":{"name":"(anonymous_3)","decl":{"start":{"line":29,"column":14},"end":{"line":29,"column":15}},"loc":{"start":{"line":29,"column":46},"end":{"line":36,"column":3}}},"4":{"name":"(anonymous_4)","decl":{"start":{"line":37,"column":14},"end":{"line":37,"column":15}},"loc":{"start":{"line":37,"column":46},"end":{"line":44,"column":3}}}},"branchMap":{"0":{"loc":{"start":{"line":11,"column":4},"end":{"line":14,"column":5}},"type":"if","locations":[{"start":{"line":11,"column":4},"end":{"line":14,"column":5}}]},"1":{"loc":{"start":{"line":23,"column":4},"end":{"line":26,"column":5}},"type":"if","locations":[{"start":{"line":23,"column":4},"end":{"line":26,"column":5}}]},"2":{"loc":{"start":{"line":31,"column":4},"end":{"line":34,"column":5}},"type":"if","locations":[{"start":{"line":31,"column":4},"end":{"line":34,"column":5}}]},"3":{"loc":{"start":{"line":39,"column":4},"end":{"line":42,"column":5}},"type":"if","locations":[{"start":{"line":39,"column":4},"end":{"line":42,"column":5}}]}},"s":{"0":2,"1":2,"2":2,"3":2,"4":2,"5":2,"6":2,"7":2,"8":1,"9":1,"10":1,"11":1,"12":1,"13":2,"14":2,"15":1,"16":1,"17":1,"18":1,"19":1,"20":0,"21":0,"22":1,"23":1,"24":1,"25":0,"26":0,"27":1,"28":2,"29":2,"30":2,"31":2,"32":2},"f":{"0":2,"1":1,"2":2,"3":1,"4":1},"b":{"0":[1],"1":[1],"2":[0],"3":[0]}}
,"/Users/admin/Desktop/learning_repos/2_week/express_backend_js/src/db/db.ts": {"path":"/Users/admin/Desktop/learning_repos/2_week/express_backend_js/src/db/db.ts","statementMap":{"0":{"start":{"line":9,"column":13},"end":{"line":12,"column":null}},"1":{"start":{"line":15,"column":21},"end":{"line":26,"column":1}},"2":{"start":{"line":16,"column":2},"end":{"line":20,"column":3}},"3":{"start":{"line":17,"column":6},"end":{"line":17,"column":null}},"4":{"start":{"line":18,"column":6},"end":{"line":18,"column":null}},"5":{"start":{"line":19,"column":6},"end":{"line":19,"column":12}},"6":{"start":{"line":23,"column":2},"end":{"line":23,"column":null}},"7":{"start":{"line":24,"column":2},"end":{"line":24,"column":null}},"8":{"start":{"line":15,"column":13},"end":{"line":15,"column":21}}},"fnMap":{"0":{"name":"(anonymous_0)","decl":{"start":{"line":15,"column":21},"end":{"line":15,"column":22}},"loc":{"start":{"line":15,"column":51},"end":{"line":26,"column":1}}}},"branchMap":{"0":{"loc":{"start":{"line":16,"column":2},"end":{"line":20,"column":3}},"type":"if","locations":[{"start":{"line":16,"column":2},"end":{"line":20,"column":3}}]},"1":{"loc":{"start":{"line":23,"column":13},"end":{"line":23,"column":32}},"type":"binary-expr","locations":[{"start":{"line":23,"column":13},"end":{"line":23,"column":26}},{"start":{"line":23,"column":30},"end":{"line":23,"column":32}}]},"2":{"loc":{"start":{"line":24,"column":13},"end":{"line":24,"column":32}},"type":"binary-expr","locations":[{"start":{"line":24,"column":13},"end":{"line":24,"column":26}},{"start":{"line":24,"column":30},"end":{"line":24,"column":32}}]}},"s":{"0":2,"1":2,"2":16,"3":2,"4":2,"5":2,"6":14,"7":14,"8":2},"f":{"0":16},"b":{"0":[2],"1":[14,0],"2":[14,0]}}
,"/Users/admin/Desktop/learning_repos/2_week/express_backend_js/src/posts/postRepository.ts": {"path":"/Users/admin/Desktop/learning_repos/2_week/express_backend_js/src/posts/postRepository.ts","statementMap":{"0":{"start":{"line":2,"column":0},"end":{"line":2,"column":29}},"1":{"start":{"line":4,"column":13},"end":{"line":64,"column":null}},"2":{"start":{"line":6,"column":24},"end":{"line":6,"column":65}},"3":{"start":{"line":6,"column":43},"end":{"line":6,"column":64}},"4":{"start":{"line":7,"column":17},"end":{"line":10,"column":null}},"5":{"start":{"line":12,"column":4},"end":{"line":12,"column":null}},"6":{"start":{"line":13,"column":4},"end":{"line":13,"column":null}},"7":{"start":{"line":16,"column":4},"end":{"line":16,"column":null}},"8":{"start":{"line":16,"column":30},"end":{"line":16,"column":41}},"9":{"start":{"line":19,"column":17},"end":{"line":19,"column":30}},"10":{"start":{"line":20,"column":4},"end":{"line":20,"column":30}},"11":{"start":{"line":20,"column":17},"end":{"line":20,"column":29}},"12":{"start":{"line":21,"column":4},"end":{"line":21,"column":null}},"13":{"start":{"line":24,"column":4},"end":{"line":24,"column":null}},"14":{"start":{"line":27,"column":17},"end":{"line":27,"column":48}},"15":{"start":{"line":27,"column":36},"end":{"line":27,"column":47}},"16":{"start":{"line":28,"column":4},"end":{"line":30,"column":5}},"17":{"start":{"line":29,"column":6},"end":{"line":29,"column":null}},"18":{"start":{"line":31,"column":21},"end":{"line":33,"column":null}},"19":{"start":{"line":36,"column":4},"end":{"line":41,"column":5}},"20":{"start":{"line":37,"column":6},"end":{"line":37,"column":null}},"21":{"start":{"line":37,"column":35},"end":{"line":37,"column":64}},"22":{"start":{"line":40,"column":6},"end":{"line":40,"column":null}},"23":{"start":{"line":42,"column":4},"end":{"line":42,"column":16}},"24":{"start":{"line":45,"column":17},"end":{"line":45,"column":48}},"25":{"start":{"line":45,"column":36},"end":{"line":45,"column":47}},"26":{"start":{"line":46,"column":4},"end":{"line":48,"column":5}},"27":{"start":{"line":47,"column":6},"end":{"line":47,"column":null}},"28":{"start":{"line":50,"column":4},"end":{"line":55,"column":5}},"29":{"start":{"line":51,"column":6},"end":{"line":51,"column":null}},"30":{"start":{"line":51,"column":38},"end":{"line":51,"column":49}},"31":{"start":{"line":54,"column":6},"end":{"line":54,"column":null}},"32":{"start":{"line":56,"column":4},"end":{"line":56,"column":16}},"33":{"start":{"line":59,"column":4},"end":{"line":62,"column":null}}},"fnMap":{"0":{"name":"(anonymous_0)","decl":{"start":{"line":5,"column":2},"end":{"line":5,"column":8}},"loc":{"start":{"line":5,"column":30},"end":{"line":14,"column":3}}},"1":{"name":"(anonymous_1)","decl":{"start":{"line":6,"column":38},"end":{"line":6,"column":39}},"loc":{"start":{"line":6,"column":43},"end":{"line":6,"column":64}}},"2":{"name":"(anonymous_2)","decl":{"start":{"line":15,"column":2},"end":{"line":15,"column":6}},"loc":{"start":{"line":15,"column":17},"end":{"line":17,"column":3}}},"3":{"name":"(anonymous_3)","decl":{"start":{"line":16,"column":25},"end":{"line":16,"column":26}},"loc":{"start":{"line":16,"column":30},"end":{"line":16,"column":41}}},"4":{"name":"(anonymous_4)","decl":{"start":{"line":18,"column":2},"end":{"line":18,"column":15}},"loc":{"start":{"line":18,"column":26},"end":{"line":22,"column":3}}},"5":{"name":"(anonymous_5)","decl":{"start":{"line":23,"column":2},"end":{"line":23,"column":10}},"loc":{"start":{"line":23,"column":10},"end":{"line":25,"column":3}}},"6":{"name":"(anonymous_6)","decl":{"start":{"line":26,"column":2},"end":{"line":26,"column":8}},"loc":{"start":{"line":26,"column":47},"end":{"line":43,"column":3}}},"7":{"name":"(anonymous_7)","decl":{"start":{"line":27,"column":31},"end":{"line":27,"column":32}},"loc":{"start":{"line":27,"column":36},"end":{"line":27,"column":47}}},"8":{"name":"(anonymous_8)","decl":{"start":{"line":37,"column":30},"end":{"line":37,"column":31}},"loc":{"start":{"line":37,"column":35},"end":{"line":37,"column":64}}},"9":{"name":"(anonymous_9)","decl":{"start":{"line":44,"column":2},"end":{"line":44,"column":8}},"loc":{"start":{"line":44,"column":19},"end":{"line":57,"column":3}}},"10":{"name":"(anonymous_10)","decl":{"start":{"line":45,"column":31},"end":{"line":45,"column":32}},"loc":{"start":{"line":45,"column":36},"end":{"line":45,"column":47}}},"11":{"name":"(anonymous_11)","decl":{"start":{"line":51,"column":33},"end":{"line":51,"column":34}},"loc":{"start":{"line":51,"column":38},"end":{"line":51,"column":49}}},"12":{"name":"(anonymous_12)","decl":{"start":{"line":58,"column":2},"end":{"line":58,"column":13}},"loc":{"start":{"line":58,"column":30},"end":{"line":63,"column":3}}}},"branchMap":{"0":{"loc":{"start":{"line":10,"column":16},"end":{"line":10,"column":39}},"type":"binary-expr","locations":[{"start":{"line":10,"column":16},"end":{"line":10,"column":33}},{"start":{"line":10,"column":37},"end":{"line":10,"column":39}}]},"1":{"loc":{"start":{"line":10,"column":16},"end":{"line":10,"column":33}},"type":"cond-expr","locations":[{"start":{"line":10,"column":27},"end":{"line":10,"column":29}},{"start":{"line":10,"column":16},"end":{"line":10,"column":33}}]},"2":{"loc":{"start":{"line":10,"column":16},"end":{"line":10,"column":29}},"type":"binary-expr","locations":[{"start":{"line":10,"column":16},"end":{"line":10,"column":29}},{"start":{"line":10,"column":16},"end":{"line":10,"column":29}}]},"3":{"loc":{"start":{"line":20,"column":4},"end":{"line":20,"column":30}},"type":"if","locations":[{"start":{"line":20,"column":4},"end":{"line":20,"column":30}}]},"4":{"loc":{"start":{"line":28,"column":4},"end":{"line":30,"column":5}},"type":"if","locations":[{"start":{"line":28,"column":4},"end":{"line":30,"column":5}}]},"5":{"loc":{"start":{"line":37,"column":35},"end":{"line":37,"column":64}},"type":"cond-expr","locations":[{"start":{"line":37,"column":49},"end":{"line":37,"column":60}},{"start":{"line":37,"column":63},"end":{"line":37,"column":64}}]},"6":{"loc":{"start":{"line":46,"column":4},"end":{"line":48,"column":5}},"type":"if","locations":[{"start":{"line":46,"column":4},"end":{"line":48,"column":5}}]}},"s":{"0":2,"1":2,"2":1,"3":1,"4":1,"5":1,"6":1,"7":2,"8":4,"9":2,"10":2,"11":1,"12":1,"13":2,"14":1,"15":1,"16":1,"17":0,"18":1,"19":1,"20":1,"21":3,"22":0,"23":1,"24":1,"25":1,"26":1,"27":0,"28":1,"29":1,"30":3,"31":0,"32":1,"33":1},"f":{"0":1,"1":1,"2":2,"3":4,"4":2,"5":2,"6":1,"7":1,"8":3,"9":1,"10":1,"11":3,"12":1},"b":{"0":[1,0],"1":[0,1],"2":[1,1],"3":[1],"4":[0],"5":[1,2],"6":[0]}}
,"/Users/admin/Desktop/learning_repos/2_week/express_backend_js/src/posts/postsController.ts": {"path":"/Users/admin/Desktop/learning_repos/2_week/express_backend_js/src/posts/postsController.ts","statementMap":{"0":{"start":{"line":1,"column":0},"end":{"line":1,"column":52}},"1":{"start":{"line":2,"column":0},"end":{"line":2,"column":50}},"2":{"start":{"line":3,"column":0},"end":{"line":3,"column":48}},"3":{"start":{"line":4,"column":0},"end":{"line":4,"column":103}},"4":{"start":{"line":5,"column":0},"end":{"line":5,"column":30}},"5":{"start":{"line":7,"column":13},"end":{"line":7,"column":36}},"6":{"start":{"line":9,"column":13},"end":{"line":50,"column":null}},"7":{"start":{"line":11,"column":18},"end":{"line":11,"column":43}},"8":{"start":{"line":12,"column":4},"end":{"line":15,"column":5}},"9":{"start":{"line":13,"column":6},"end":{"line":13,"column":46}},"10":{"start":{"line":14,"column":6},"end":{"line":14,"column":13}},"11":{"start":{"line":16,"column":4},"end":{"line":16,"column":32}},"12":{"start":{"line":19,"column":17},"end":{"line":19,"column":25}},"13":{"start":{"line":20,"column":19},"end":{"line":20,"column":46}},"14":{"start":{"line":21,"column":4},"end":{"line":21,"column":33}},"15":{"start":{"line":24,"column":17},"end":{"line":24,"column":60}},"16":{"start":{"line":25,"column":4},"end":{"line":28,"column":5}},"17":{"start":{"line":26,"column":6},"end":{"line":26,"column":45}},"18":{"start":{"line":27,"column":6},"end":{"line":27,"column":13}},"19":{"start":{"line":29,"column":4},"end":{"line":29,"column":31}},"20":{"start":{"line":32,"column":17},"end":{"line":32,"column":25}},"21":{"start":{"line":33,"column":19},"end":{"line":33,"column":71}},"22":{"start":{"line":35,"column":4},"end":{"line":35,"column":33}},"23":{"start":{"line":38,"column":19},"end":{"line":38,"column":65}},"24":{"start":{"line":39,"column":4},"end":{"line":42,"column":5}},"25":{"start":{"line":40,"column":6},"end":{"line":40,"column":35}},"26":{"start":{"line":41,"column":6},"end":{"line":41,"column":13}},"27":{"start":{"line":43,"column":4},"end":{"line":43,"column":33}},"28":{"start":{"line":46,"column":4},"end":{"line":46,"column":null}},"29":{"start":{"line":47,"column":4},"end":{"line":47,"column":null}},"30":{"start":{"line":48,"column":4},"end":{"line":48,"column":null}},"31":{"start":{"line":52,"column":0},"end":{"line":52,"column":46}},"32":{"start":{"line":53,"column":0},"end":{"line":74,"column":2}},"33":{"start":{"line":75,"column":0},"end":{"line":75,"column":52}},"34":{"start":{"line":76,"column":0},"end":{"line":110,"column":2}},"35":{"start":{"line":111,"column":0},"end":{"line":120,"column":2}}},"fnMap":{"0":{"name":"(anonymous_0)","decl":{"start":{"line":10,"column":12},"end":{"line":10,"column":13}},"loc":{"start":{"line":10,"column":44},"end":{"line":17,"column":3}}},"1":{"name":"(anonymous_1)","decl":{"start":{"line":18,"column":14},"end":{"line":18,"column":15}},"loc":{"start":{"line":18,"column":46},"end":{"line":22,"column":3}}},"2":{"name":"(anonymous_2)","decl":{"start":{"line":23,"column":15},"end":{"line":23,"column":16}},"loc":{"start":{"line":23,"column":47},"end":{"line":30,"column":3}}},"3":{"name":"(anonymous_3)","decl":{"start":{"line":31,"column":14},"end":{"line":31,"column":15}},"loc":{"start":{"line":31,"column":46},"end":{"line":36,"column":3}}},"4":{"name":"(anonymous_4)","decl":{"start":{"line":37,"column":14},"end":{"line":37,"column":15}},"loc":{"start":{"line":37,"column":46},"end":{"line":44,"column":3}}},"5":{"name":"(anonymous_5)","decl":{"start":{"line":45,"column":15},"end":{"line":45,"column":16}},"loc":{"start":{"line":45,"column":47},"end":{"line":49,"column":3}}}},"branchMap":{"0":{"loc":{"start":{"line":12,"column":4},"end":{"line":15,"column":5}},"type":"if","locations":[{"start":{"line":12,"column":4},"end":{"line":15,"column":5}}]},"1":{"loc":{"start":{"line":25,"column":4},"end":{"line":28,"column":5}},"type":"if","locations":[{"start":{"line":25,"column":4},"end":{"line":28,"column":5}}]},"2":{"loc":{"start":{"line":39,"column":4},"end":{"line":42,"column":5}},"type":"if","locations":[{"start":{"line":39,"column":4},"end":{"line":42,"column":5}}]}},"s":{"0":2,"1":2,"2":2,"3":2,"4":2,"5":2,"6":2,"7":2,"8":2,"9":1,"10":1,"11":1,"12":1,"13":1,"14":1,"15":2,"16":2,"17":1,"18":1,"19":1,"20":1,"21":1,"22":1,"23":1,"24":1,"25":0,"26":0,"27":1,"28":0,"29":0,"30":0,"31":2,"32":2,"33":2,"34":2,"35":2},"f":{"0":2,"1":1,"2":2,"3":1,"4":1,"5":0},"b":{"0":[1],"1":[1],"2":[0]}}
}
