{"/Users/admin/Desktop/learning_repos/2_week/express_backend_js/__tests__/datasets.ts": {"path":"/Users/admin/Desktop/learning_repos/2_week/express_backend_js/__tests__/datasets.ts","statementMap":{"0":{"start":{"line":5,"column":13},"end":{"line":24,"column":2}},"1":{"start":{"line":26,"column":13},"end":{"line":51,"column":2}},"2":{"start":{"line":53,"column":13},"end":{"line":56,"column":2}}},"fnMap":{},"branchMap":{},"s":{"0":1,"1":1,"2":1},"f":{},"b":{}}
,"/Users/admin/Desktop/learning_repos/2_week/express_backend_js/__tests__/test-helpers.ts": {"path":"/Users/admin/Desktop/learning_repos/2_week/express_backend_js/__tests__/test-helpers.ts","statementMap":{"0":{"start":{"line":1,"column":0},"end":{"line":1,"column":30}},"1":{"start":{"line":2,"column":0},"end":{"line":2,"column":31}},"2":{"start":{"line":4,"column":13},"end":{"line":4,"column":null}}},"fnMap":{},"branchMap":{},"s":{"0":1,"1":1,"2":1},"f":{},"b":{}}
,"/Users/admin/Desktop/learning_repos/2_week/express_backend_js/src/app.ts": {"path":"/Users/admin/Desktop/learning_repos/2_week/express_backend_js/src/app.ts","statementMap":{"0":{"start":{"line":1,"column":0},"end":{"line":1,"column":29}},"1":{"start":{"line":2,"column":0},"end":{"line":2,"column":23}},"2":{"start":{"line":3,"column":0},"end":{"line":3,"column":35}},"3":{"start":{"line":4,"column":0},"end":{"line":4,"column":51}},"4":{"start":{"line":5,"column":0},"end":{"line":5,"column":51}},"5":{"start":{"line":7,"column":13},"end":{"line":7,"column":null}},"6":{"start":{"line":9,"column":0},"end":{"line":9,"column":null}},"7":{"start":{"line":11,"column":0},"end":{"line":11,"column":null}},"8":{"start":{"line":13,"column":0},"end":{"line":15,"column":null}},"9":{"start":{"line":14,"column":4},"end":{"line":14,"column":null}},"10":{"start":{"line":17,"column":0},"end":{"line":17,"column":null}},"11":{"start":{"line":18,"column":0},"end":{"line":18,"column":null}},"12":{"start":{"line":19,"column":0},"end":{"line":21,"column":null}},"13":{"start":{"line":20,"column":4},"end":{"line":20,"column":null}}},"fnMap":{"0":{"name":"(anonymous_1)","decl":{"start":{"line":13,"column":13},"end":{"line":13,"column":14}},"loc":{"start":{"line":13,"column":26},"end":{"line":15,"column":1}}},"1":{"name":"(anonymous_2)","decl":{"start":{"line":19,"column":31},"end":{"line":19,"column":32}},"loc":{"start":{"line":19,"column":44},"end":{"line":21,"column":1}}}},"branchMap":{},"s":{"0":1,"1":1,"2":1,"3":1,"4":1,"5":1,"6":1,"7":1,"8":1,"9":0,"10":1,"11":1,"12":1,"13":0},"f":{"0":0,"1":0},"b":{}}
,"/Users/admin/Desktop/learning_repos/2_week/express_backend_js/src/settings.ts": {"path":"/Users/admin/Desktop/learning_repos/2_week/express_backend_js/src/settings.ts","statementMap":{"0":{"start":{"line":1,"column":0},"end":{"line":1,"column":29}},"1":{"start":{"line":2,"column":0},"end":{"line":2,"column":9}},"2":{"start":{"line":4,"column":13},"end":{"line":11,"column":null}}},"fnMap":{},"branchMap":{"0":{"loc":{"start":{"line":5,"column":10},"end":{"line":5,"column":34}},"type":"binary-expr","locations":[{"start":{"line":5,"column":10},"end":{"line":5,"column":26}},{"start":{"line":5,"column":30},"end":{"line":5,"column":34}}]}},"s":{"0":1,"1":1,"2":1},"f":{},"b":{"0":[1,1]}}
,"/Users/admin/Desktop/learning_repos/2_week/express_backend_js/src/blogs/blogRepository.ts": {"path":"/Users/admin/Desktop/learning_repos/2_week/express_backend_js/src/blogs/blogRepository.ts","statementMap":{"0":{"start":{"line":2,"column":0},"end":{"line":2,"column":29}},"1":{"start":{"line":4,"column":13},"end":{"line":73,"column":null}},"2":{"start":{"line":7,"column":17},"end":{"line":9,"column":null}},"3":{"start":{"line":12,"column":4},"end":{"line":17,"column":5}},"4":{"start":{"line":13,"column":6},"end":{"line":13,"column":null}},"5":{"start":{"line":16,"column":6},"end":{"line":16,"column":null}},"6":{"start":{"line":19,"column":4},"end":{"line":19,"column":null}},"7":{"start":{"line":22,"column":4},"end":{"line":22,"column":null}},"8":{"start":{"line":22,"column":30},"end":{"line":22,"column":41}},"9":{"start":{"line":25,"column":17},"end":{"line":25,"column":30}},"10":{"start":{"line":26,"column":4},"end":{"line":26,"column":30}},"11":{"start":{"line":26,"column":17},"end":{"line":26,"column":29}},"12":{"start":{"line":27,"column":4},"end":{"line":27,"column":null}},"13":{"start":{"line":30,"column":4},"end":{"line":30,"column":null}},"14":{"start":{"line":33,"column":17},"end":{"line":33,"column":48}},"15":{"start":{"line":33,"column":36},"end":{"line":33,"column":47}},"16":{"start":{"line":34,"column":4},"end":{"line":34,"column":null}},"17":{"start":{"line":35,"column":4},"end":{"line":37,"column":5}},"18":{"start":{"line":36,"column":6},"end":{"line":36,"column":null}},"19":{"start":{"line":38,"column":21},"end":{"line":40,"column":null}},"20":{"start":{"line":43,"column":4},"end":{"line":48,"column":5}},"21":{"start":{"line":44,"column":6},"end":{"line":44,"column":null}},"22":{"start":{"line":44,"column":35},"end":{"line":44,"column":64}},"23":{"start":{"line":47,"column":6},"end":{"line":47,"column":null}},"24":{"start":{"line":49,"column":4},"end":{"line":49,"column":null}},"25":{"start":{"line":50,"column":4},"end":{"line":50,"column":16}},"26":{"start":{"line":53,"column":17},"end":{"line":53,"column":48}},"27":{"start":{"line":53,"column":36},"end":{"line":53,"column":47}},"28":{"start":{"line":54,"column":4},"end":{"line":56,"column":5}},"29":{"start":{"line":55,"column":6},"end":{"line":55,"column":null}},"30":{"start":{"line":58,"column":4},"end":{"line":63,"column":5}},"31":{"start":{"line":59,"column":6},"end":{"line":59,"column":null}},"32":{"start":{"line":59,"column":38},"end":{"line":59,"column":49}},"33":{"start":{"line":62,"column":6},"end":{"line":62,"column":null}},"34":{"start":{"line":65,"column":4},"end":{"line":65,"column":16}},"35":{"start":{"line":68,"column":4},"end":{"line":71,"column":null}}},"fnMap":{"0":{"name":"(anonymous_0)","decl":{"start":{"line":5,"column":2},"end":{"line":5,"column":8}},"loc":{"start":{"line":5,"column":30},"end":{"line":20,"column":3}}},"1":{"name":"(anonymous_1)","decl":{"start":{"line":21,"column":2},"end":{"line":21,"column":6}},"loc":{"start":{"line":21,"column":17},"end":{"line":23,"column":3}}},"2":{"name":"(anonymous_2)","decl":{"start":{"line":22,"column":25},"end":{"line":22,"column":26}},"loc":{"start":{"line":22,"column":30},"end":{"line":22,"column":41}}},"3":{"name":"(anonymous_3)","decl":{"start":{"line":24,"column":2},"end":{"line":24,"column":15}},"loc":{"start":{"line":24,"column":26},"end":{"line":28,"column":3}}},"4":{"name":"(anonymous_4)","decl":{"start":{"line":29,"column":2},"end":{"line":29,"column":10}},"loc":{"start":{"line":29,"column":10},"end":{"line":31,"column":3}}},"5":{"name":"(anonymous_5)","decl":{"start":{"line":32,"column":2},"end":{"line":32,"column":8}},"loc":{"start":{"line":32,"column":47},"end":{"line":51,"column":3}}},"6":{"name":"(anonymous_6)","decl":{"start":{"line":33,"column":31},"end":{"line":33,"column":32}},"loc":{"start":{"line":33,"column":36},"end":{"line":33,"column":47}}},"7":{"name":"(anonymous_7)","decl":{"start":{"line":44,"column":30},"end":{"line":44,"column":31}},"loc":{"start":{"line":44,"column":35},"end":{"line":44,"column":64}}},"8":{"name":"(anonymous_8)","decl":{"start":{"line":52,"column":2},"end":{"line":52,"column":8}},"loc":{"start":{"line":52,"column":19},"end":{"line":66,"column":3}}},"9":{"name":"(anonymous_9)","decl":{"start":{"line":53,"column":31},"end":{"line":53,"column":32}},"loc":{"start":{"line":53,"column":36},"end":{"line":53,"column":47}}},"10":{"name":"(anonymous_10)","decl":{"start":{"line":59,"column":33},"end":{"line":59,"column":34}},"loc":{"start":{"line":59,"column":38},"end":{"line":59,"column":49}}},"11":{"name":"(anonymous_11)","decl":{"start":{"line":67,"column":2},"end":{"line":67,"column":13}},"loc":{"start":{"line":67,"column":30},"end":{"line":72,"column":3}}}},"branchMap":{"0":{"loc":{"start":{"line":26,"column":4},"end":{"line":26,"column":30}},"type":"if","locations":[{"start":{"line":26,"column":4},"end":{"line":26,"column":30}}]},"1":{"loc":{"start":{"line":35,"column":4},"end":{"line":37,"column":5}},"type":"if","locations":[{"start":{"line":35,"column":4},"end":{"line":37,"column":5}}]},"2":{"loc":{"start":{"line":44,"column":35},"end":{"line":44,"column":64}},"type":"cond-expr","locations":[{"start":{"line":44,"column":49},"end":{"line":44,"column":60}},{"start":{"line":44,"column":63},"end":{"line":44,"column":64}}]},"3":{"loc":{"start":{"line":54,"column":4},"end":{"line":56,"column":5}},"type":"if","locations":[{"start":{"line":54,"column":4},"end":{"line":56,"column":5}}]}},"s":{"0":1,"1":1,"2":1,"3":1,"4":1,"5":0,"6":1,"7":2,"8":4,"9":2,"10":2,"11":1,"12":1,"13":2,"14":1,"15":1,"16":1,"17":1,"18":0,"19":1,"20":1,"21":1,"22":3,"23":0,"24":1,"25":1,"26":1,"27":1,"28":1,"29":0,"30":1,"31":1,"32":3,"33":0,"34":1,"35":1},"f":{"0":1,"1":2,"2":4,"3":2,"4":2,"5":1,"6":1,"7":3,"8":1,"9":1,"10":3,"11":1},"b":{"0":[1],"1":[0],"2":[1,2],"3":[0]}}
,"/Users/admin/Desktop/learning_repos/2_week/express_backend_js/src/blogs/blogsController.ts": {"path":"/Users/admin/Desktop/learning_repos/2_week/express_backend_js/src/blogs/blogsController.ts","statementMap":{"0":{"start":{"line":1,"column":0},"end":{"line":1,"column":52}},"1":{"start":{"line":2,"column":0},"end":{"line":2,"column":50}},"2":{"start":{"line":3,"column":0},"end":{"line":3,"column":73}},"3":{"start":{"line":5,"column":13},"end":{"line":5,"column":36}},"4":{"start":{"line":7,"column":13},"end":{"line":49,"column":2}},"5":{"start":{"line":9,"column":18},"end":{"line":9,"column":43}},"6":{"start":{"line":10,"column":4},"end":{"line":13,"column":5}},"7":{"start":{"line":11,"column":6},"end":{"line":11,"column":45}},"8":{"start":{"line":12,"column":6},"end":{"line":12,"column":13}},"9":{"start":{"line":14,"column":4},"end":{"line":14,"column":32}},"10":{"start":{"line":17,"column":4},"end":{"line":20,"column":5}},"11":{"start":{"line":18,"column":21},"end":{"line":18,"column":52}},"12":{"start":{"line":19,"column":6},"end":{"line":19,"column":35}},"13":{"start":{"line":21,"column":4},"end":{"line":21,"column":56}},"14":{"start":{"line":24,"column":17},"end":{"line":24,"column":60}},"15":{"start":{"line":25,"column":4},"end":{"line":28,"column":5}},"16":{"start":{"line":26,"column":6},"end":{"line":26,"column":45}},"17":{"start":{"line":27,"column":6},"end":{"line":27,"column":13}},"18":{"start":{"line":29,"column":4},"end":{"line":29,"column":31}},"19":{"start":{"line":32,"column":4},"end":{"line":35,"column":5}},"20":{"start":{"line":33,"column":21},"end":{"line":33,"column":77}},"21":{"start":{"line":34,"column":6},"end":{"line":34,"column":35}},"22":{"start":{"line":36,"column":4},"end":{"line":36,"column":56}},"23":{"start":{"line":39,"column":4},"end":{"line":46,"column":5}},"24":{"start":{"line":40,"column":21},"end":{"line":40,"column":67}},"25":{"start":{"line":41,"column":6},"end":{"line":44,"column":7}},"26":{"start":{"line":42,"column":8},"end":{"line":42,"column":37}},"27":{"start":{"line":43,"column":8},"end":{"line":43,"column":15}},"28":{"start":{"line":45,"column":6},"end":{"line":45,"column":35}},"29":{"start":{"line":47,"column":4},"end":{"line":47,"column":56}},"30":{"start":{"line":51,"column":0},"end":{"line":51,"column":46}},"31":{"start":{"line":52,"column":0},"end":{"line":71,"column":2}},"32":{"start":{"line":72,"column":0},"end":{"line":99,"column":2}},"33":{"start":{"line":100,"column":0},"end":{"line":100,"column":52}},"34":{"start":{"line":101,"column":0},"end":{"line":107,"column":27}}},"fnMap":{"0":{"name":"(anonymous_0)","decl":{"start":{"line":8,"column":12},"end":{"line":8,"column":13}},"loc":{"start":{"line":8,"column":44},"end":{"line":15,"column":3}}},"1":{"name":"(anonymous_1)","decl":{"start":{"line":16,"column":14},"end":{"line":16,"column":15}},"loc":{"start":{"line":16,"column":46},"end":{"line":22,"column":3}}},"2":{"name":"(anonymous_2)","decl":{"start":{"line":23,"column":15},"end":{"line":23,"column":16}},"loc":{"start":{"line":23,"column":47},"end":{"line":30,"column":3}}},"3":{"name":"(anonymous_3)","decl":{"start":{"line":31,"column":14},"end":{"line":31,"column":15}},"loc":{"start":{"line":31,"column":46},"end":{"line":37,"column":3}}},"4":{"name":"(anonymous_4)","decl":{"start":{"line":38,"column":14},"end":{"line":38,"column":15}},"loc":{"start":{"line":38,"column":46},"end":{"line":48,"column":3}}}},"branchMap":{"0":{"loc":{"start":{"line":10,"column":4},"end":{"line":13,"column":5}},"type":"if","locations":[{"start":{"line":10,"column":4},"end":{"line":13,"column":5}}]},"1":{"loc":{"start":{"line":17,"column":4},"end":{"line":20,"column":5}},"type":"if","locations":[{"start":{"line":17,"column":4},"end":{"line":20,"column":5}}]},"2":{"loc":{"start":{"line":25,"column":4},"end":{"line":28,"column":5}},"type":"if","locations":[{"start":{"line":25,"column":4},"end":{"line":28,"column":5}}]},"3":{"loc":{"start":{"line":32,"column":4},"end":{"line":35,"column":5}},"type":"if","locations":[{"start":{"line":32,"column":4},"end":{"line":35,"column":5}}]},"4":{"loc":{"start":{"line":39,"column":4},"end":{"line":46,"column":5}},"type":"if","locations":[{"start":{"line":39,"column":4},"end":{"line":46,"column":5}}]},"5":{"loc":{"start":{"line":41,"column":6},"end":{"line":44,"column":7}},"type":"if","locations":[{"start":{"line":41,"column":6},"end":{"line":44,"column":7}}]}},"s":{"0":1,"1":1,"2":1,"3":1,"4":1,"5":2,"6":2,"7":1,"8":1,"9":1,"10":1,"11":1,"12":1,"13":1,"14":2,"15":2,"16":1,"17":1,"18":1,"19":1,"20":1,"21":1,"22":1,"23":1,"24":1,"25":1,"26":0,"27":0,"28":1,"29":1,"30":1,"31":1,"32":1,"33":1,"34":1},"f":{"0":2,"1":1,"2":2,"3":1,"4":1},"b":{"0":[1],"1":[1],"2":[1],"3":[1],"4":[1],"5":[0]}}
,"/Users/admin/Desktop/learning_repos/2_week/express_backend_js/src/db/db.ts": {"path":"/Users/admin/Desktop/learning_repos/2_week/express_backend_js/src/db/db.ts","statementMap":{"0":{"start":{"line":9,"column":13},"end":{"line":12,"column":null}},"1":{"start":{"line":15,"column":21},"end":{"line":26,"column":1}},"2":{"start":{"line":16,"column":2},"end":{"line":20,"column":3}},"3":{"start":{"line":17,"column":6},"end":{"line":17,"column":null}},"4":{"start":{"line":18,"column":6},"end":{"line":18,"column":null}},"5":{"start":{"line":19,"column":6},"end":{"line":19,"column":12}},"6":{"start":{"line":23,"column":2},"end":{"line":23,"column":null}},"7":{"start":{"line":24,"column":2},"end":{"line":24,"column":null}},"8":{"start":{"line":15,"column":13},"end":{"line":15,"column":21}}},"fnMap":{"0":{"name":"(anonymous_0)","decl":{"start":{"line":15,"column":21},"end":{"line":15,"column":22}},"loc":{"start":{"line":15,"column":51},"end":{"line":26,"column":1}}}},"branchMap":{"0":{"loc":{"start":{"line":16,"column":2},"end":{"line":20,"column":3}},"type":"if","locations":[{"start":{"line":16,"column":2},"end":{"line":20,"column":3}}]},"1":{"loc":{"start":{"line":23,"column":13},"end":{"line":23,"column":32}},"type":"binary-expr","locations":[{"start":{"line":23,"column":13},"end":{"line":23,"column":26}},{"start":{"line":23,"column":30},"end":{"line":23,"column":32}}]},"2":{"loc":{"start":{"line":24,"column":13},"end":{"line":24,"column":32}},"type":"binary-expr","locations":[{"start":{"line":24,"column":13},"end":{"line":24,"column":26}},{"start":{"line":24,"column":30},"end":{"line":24,"column":32}}]}},"s":{"0":1,"1":1,"2":8,"3":1,"4":1,"5":1,"6":7,"7":7,"8":1},"f":{"0":8},"b":{"0":[1],"1":[7,0],"2":[7,0]}}
,"/Users/admin/Desktop/learning_repos/2_week/express_backend_js/src/posts/postRepository.ts": {"path":"/Users/admin/Desktop/learning_repos/2_week/express_backend_js/src/posts/postRepository.ts","statementMap":{"0":{"start":{"line":2,"column":0},"end":{"line":2,"column":29}},"1":{"start":{"line":4,"column":13},"end":{"line":42,"column":null}},"2":{"start":{"line":6,"column":24},"end":{"line":6,"column":65}},"3":{"start":{"line":6,"column":43},"end":{"line":6,"column":64}},"4":{"start":{"line":7,"column":4},"end":{"line":9,"column":5}},"5":{"start":{"line":8,"column":6},"end":{"line":8,"column":null}},"6":{"start":{"line":10,"column":17},"end":{"line":13,"column":null}},"7":{"start":{"line":16,"column":4},"end":{"line":21,"column":5}},"8":{"start":{"line":17,"column":6},"end":{"line":17,"column":null}},"9":{"start":{"line":20,"column":6},"end":{"line":20,"column":null}},"10":{"start":{"line":23,"column":4},"end":{"line":23,"column":null}},"11":{"start":{"line":26,"column":4},"end":{"line":26,"column":null}},"12":{"start":{"line":26,"column":30},"end":{"line":26,"column":41}},"13":{"start":{"line":29,"column":17},"end":{"line":29,"column":30}},"14":{"start":{"line":30,"column":4},"end":{"line":30,"column":30}},"15":{"start":{"line":30,"column":17},"end":{"line":30,"column":29}},"16":{"start":{"line":31,"column":4},"end":{"line":31,"column":null}},"17":{"start":{"line":34,"column":4},"end":{"line":34,"column":null}},"18":{"start":{"line":37,"column":4},"end":{"line":40,"column":null}}},"fnMap":{"0":{"name":"(anonymous_0)","decl":{"start":{"line":5,"column":2},"end":{"line":5,"column":8}},"loc":{"start":{"line":5,"column":30},"end":{"line":24,"column":3}}},"1":{"name":"(anonymous_1)","decl":{"start":{"line":6,"column":38},"end":{"line":6,"column":39}},"loc":{"start":{"line":6,"column":43},"end":{"line":6,"column":64}}},"2":{"name":"(anonymous_2)","decl":{"start":{"line":25,"column":2},"end":{"line":25,"column":6}},"loc":{"start":{"line":25,"column":17},"end":{"line":27,"column":3}}},"3":{"name":"(anonymous_3)","decl":{"start":{"line":26,"column":25},"end":{"line":26,"column":26}},"loc":{"start":{"line":26,"column":30},"end":{"line":26,"column":41}}},"4":{"name":"(anonymous_4)","decl":{"start":{"line":28,"column":2},"end":{"line":28,"column":15}},"loc":{"start":{"line":28,"column":26},"end":{"line":32,"column":3}}},"5":{"name":"(anonymous_5)","decl":{"start":{"line":33,"column":2},"end":{"line":33,"column":10}},"loc":{"start":{"line":33,"column":10},"end":{"line":35,"column":3}}},"6":{"name":"(anonymous_6)","decl":{"start":{"line":36,"column":2},"end":{"line":36,"column":13}},"loc":{"start":{"line":36,"column":30},"end":{"line":41,"column":3}}}},"branchMap":{"0":{"loc":{"start":{"line":7,"column":4},"end":{"line":9,"column":5}},"type":"if","locations":[{"start":{"line":7,"column":4},"end":{"line":9,"column":5}}]},"1":{"loc":{"start":{"line":30,"column":4},"end":{"line":30,"column":30}},"type":"if","locations":[{"start":{"line":30,"column":4},"end":{"line":30,"column":30}}]}},"s":{"0":1,"1":1,"2":0,"3":0,"4":0,"5":0,"6":0,"7":0,"8":0,"9":0,"10":0,"11":0,"12":0,"13":0,"14":0,"15":0,"16":0,"17":0,"18":0},"f":{"0":0,"1":0,"2":0,"3":0,"4":0,"5":0,"6":0},"b":{"0":[0],"1":[0]}}
,"/Users/admin/Desktop/learning_repos/2_week/express_backend_js/src/posts/postsController.ts": {"path":"/Users/admin/Desktop/learning_repos/2_week/express_backend_js/src/posts/postsController.ts","statementMap":{"0":{"start":{"line":1,"column":0},"end":{"line":1,"column":52}},"1":{"start":{"line":2,"column":0},"end":{"line":2,"column":50}},"2":{"start":{"line":5,"column":13},"end":{"line":5,"column":36}},"3":{"start":{"line":7,"column":13},"end":{"line":22,"column":null}},"4":{"start":{"line":9,"column":18},"end":{"line":9,"column":43}},"5":{"start":{"line":10,"column":4},"end":{"line":13,"column":5}},"6":{"start":{"line":11,"column":6},"end":{"line":11,"column":46}},"7":{"start":{"line":12,"column":6},"end":{"line":12,"column":13}},"8":{"start":{"line":14,"column":4},"end":{"line":14,"column":32}},"9":{"start":{"line":17,"column":17},"end":{"line":17,"column":25}},"10":{"start":{"line":18,"column":19},"end":{"line":18,"column":46}},"11":{"start":{"line":20,"column":4},"end":{"line":20,"column":33}},"12":{"start":{"line":24,"column":0},"end":{"line":24,"column":null}}},"fnMap":{"0":{"name":"(anonymous_0)","decl":{"start":{"line":8,"column":12},"end":{"line":8,"column":13}},"loc":{"start":{"line":8,"column":44},"end":{"line":15,"column":3}}},"1":{"name":"(anonymous_1)","decl":{"start":{"line":16,"column":14},"end":{"line":16,"column":15}},"loc":{"start":{"line":16,"column":46},"end":{"line":21,"column":3}}}},"branchMap":{"0":{"loc":{"start":{"line":10,"column":4},"end":{"line":13,"column":5}},"type":"if","locations":[{"start":{"line":10,"column":4},"end":{"line":13,"column":5}}]}},"s":{"0":1,"1":1,"2":1,"3":1,"4":0,"5":0,"6":0,"7":0,"8":0,"9":0,"10":0,"11":0,"12":1},"f":{"0":0,"1":0},"b":{"0":[0]}}
}
