TN:
SF:__tests__/datasets.ts
FNF:0
FNH:0
DA:5,2
DA:26,2
DA:53,2
LF:3
LH:3
BRF:0
BRH:0
end_of_record
TN:
SF:__tests__/test-helpers.ts
FNF:0
FNH:0
DA:1,2
DA:2,2
DA:4,2
LF:3
LH:3
BRF:0
BRH:0
end_of_record
TN:
SF:src/app.ts
FN:14,(anonymous_1)
FNF:1
FNH:0
FNDA:0,(anonymous_1)
DA:1,2
DA:2,2
DA:3,2
DA:4,2
DA:5,2
DA:8,2
DA:10,2
DA:12,2
DA:14,2
DA:15,0
DA:18,2
DA:19,2
DA:20,2
LF:13
LH:12
BRF:0
BRH:0
end_of_record
TN:
SF:src/middlewares.ts
FN:9,(anonymous_0)
FN:19,(anonymous_1)
FN:25,(anonymous_2)
FN:33,(anonymous_3)
FNF:4
FNH:3
FNDA:1,(anonymous_0)
FNDA:6,(anonymous_1)
FNDA:0,(anonymous_2)
FNDA:6,(anonymous_3)
DA:2,2
DA:3,2
DA:4,2
DA:8,2
DA:10,1
DA:11,1
DA:12,0
DA:13,0
DA:15,1
DA:19,2
DA:20,6
DA:21,6
DA:22,6
DA:23,6
DA:25,6
DA:29,6
DA:30,0
DA:33,2
DA:34,6
DA:35,6
DA:36,6
DA:37,6
DA:38,6
DA:39,6
DA:41,0
LF:25
LH:21
BRDA:11,0,0,0
BRDA:22,1,0,6
BRDA:38,2,0,6
BRDA:38,2,1,0
BRDA:38,3,0,6
BRDA:38,3,1,6
BRF:6
BRH:4
end_of_record
TN:
SF:src/settings.ts
FNF:0
FNH:0
DA:1,2
DA:2,2
DA:4,2
LF:3
LH:3
BRDA:5,0,0,2
BRDA:5,0,1,2
BRF:2
BRH:2
end_of_record
TN:
SF:src/blogs/blogRepository.ts
FN:5,(anonymous_0)
FN:20,(anonymous_1)
FN:21,(anonymous_2)
FN:23,(anonymous_3)
FN:30,(anonymous_4)
FN:33,(anonymous_5)
FN:34,(anonymous_6)
FN:44,(anonymous_7)
FN:51,(anonymous_8)
FN:52,(anonymous_9)
FN:58,(anonymous_10)
FN:66,(anonymous_11)
FNF:12
FNH:11
FNDA:1,(anonymous_0)
FNDA:3,(anonymous_1)
FNDA:5,(anonymous_2)
FNDA:2,(anonymous_3)
FNDA:2,(anonymous_4)
FNDA:1,(anonymous_5)
FNDA:1,(anonymous_6)
FNDA:3,(anonymous_7)
FNDA:1,(anonymous_8)
FNDA:1,(anonymous_9)
FNDA:3,(anonymous_10)
FNDA:0,(anonymous_11)
DA:2,2
DA:4,2
DA:6,1
DA:11,1
DA:12,1
DA:15,0
DA:18,1
DA:21,5
DA:24,2
DA:25,2
DA:26,1
DA:28,1
DA:31,2
DA:34,1
DA:35,1
DA:36,0
DA:38,1
DA:43,1
DA:44,3
DA:47,0
DA:49,1
DA:52,1
DA:53,1
DA:54,0
DA:57,1
DA:58,3
DA:61,0
DA:64,1
DA:67,0
LF:29
LH:23
BRDA:25,0,0,1
BRDA:35,1,0,0
BRDA:44,2,0,1
BRDA:44,2,1,2
BRDA:53,3,0,0
BRF:5
BRH:3
end_of_record
TN:
SF:src/blogs/blogsController.ts
FN:9,(anonymous_0)
FN:17,(anonymous_1)
FN:21,(anonymous_2)
FN:29,(anonymous_3)
FN:37,(anonymous_4)
FNF:5
FNH:5
FNDA:2,(anonymous_0)
FNDA:1,(anonymous_1)
FNDA:2,(anonymous_2)
FNDA:1,(anonymous_3)
FNDA:1,(anonymous_4)
DA:1,2
DA:2,2
DA:3,2
DA:4,2
DA:6,2
DA:8,2
DA:10,2
DA:11,2
DA:12,1
DA:13,1
DA:15,1
DA:18,1
DA:19,1
DA:22,2
DA:23,2
DA:24,1
DA:25,1
DA:27,1
DA:30,1
DA:31,1
DA:32,0
DA:33,0
DA:35,1
DA:38,1
DA:39,1
DA:40,0
DA:41,0
DA:43,1
DA:47,2
DA:48,2
DA:70,2
DA:100,2
DA:101,2
LF:33
LH:29
BRDA:11,0,0,1
BRDA:23,1,0,1
BRDA:31,2,0,0
BRDA:39,3,0,0
BRF:4
BRH:2
end_of_record
TN:
SF:src/db/db.ts
FN:15,(anonymous_0)
FNF:1
FNH:1
FNDA:16,(anonymous_0)
DA:9,2
DA:15,2
DA:16,16
DA:17,2
DA:18,2
DA:19,2
DA:23,14
DA:24,14
LF:8
LH:8
BRDA:16,0,0,2
BRDA:23,1,0,14
BRDA:23,1,1,0
BRDA:24,2,0,14
BRDA:24,2,1,0
BRF:5
BRH:3
end_of_record
TN:
SF:src/posts/postRepository.ts
FN:5,(anonymous_0)
FN:6,(anonymous_1)
FN:15,(anonymous_2)
FN:16,(anonymous_3)
FN:18,(anonymous_4)
FN:23,(anonymous_5)
FN:26,(anonymous_6)
FN:27,(anonymous_7)
FN:37,(anonymous_8)
FN:44,(anonymous_9)
FN:45,(anonymous_10)
FN:51,(anonymous_11)
FN:58,(anonymous_12)
FNF:13
FNH:13
FNDA:1,(anonymous_0)
FNDA:1,(anonymous_1)
FNDA:2,(anonymous_2)
FNDA:4,(anonymous_3)
FNDA:2,(anonymous_4)
FNDA:2,(anonymous_5)
FNDA:1,(anonymous_6)
FNDA:1,(anonymous_7)
FNDA:3,(anonymous_8)
FNDA:1,(anonymous_9)
FNDA:1,(anonymous_10)
FNDA:3,(anonymous_11)
FNDA:1,(anonymous_12)
DA:2,2
DA:4,2
DA:6,1
DA:7,1
DA:12,1
DA:13,1
DA:16,4
DA:19,2
DA:20,2
DA:21,1
DA:24,2
DA:27,1
DA:28,1
DA:29,0
DA:31,1
DA:36,1
DA:37,3
DA:40,0
DA:42,1
DA:45,1
DA:46,1
DA:47,0
DA:50,1
DA:51,3
DA:54,0
DA:56,1
DA:59,1
LF:27
LH:23
BRDA:10,0,0,1
BRDA:10,0,1,0
BRDA:10,1,0,0
BRDA:10,1,1,1
BRDA:10,2,0,1
BRDA:10,2,1,1
BRDA:20,3,0,1
BRDA:28,4,0,0
BRDA:37,5,0,1
BRDA:37,5,1,2
BRDA:46,6,0,0
BRF:11
BRH:7
end_of_record
TN:
SF:src/posts/postsController.ts
FN:10,(anonymous_0)
FN:18,(anonymous_1)
FN:23,(anonymous_2)
FN:31,(anonymous_3)
FN:37,(anonymous_4)
FN:45,(anonymous_5)
FNF:6
FNH:5
FNDA:2,(anonymous_0)
FNDA:1,(anonymous_1)
FNDA:2,(anonymous_2)
FNDA:1,(anonymous_3)
FNDA:1,(anonymous_4)
FNDA:0,(anonymous_5)
DA:1,2
DA:2,2
DA:3,2
DA:4,2
DA:5,2
DA:7,2
DA:9,2
DA:11,2
DA:12,2
DA:13,1
DA:14,1
DA:16,1
DA:19,1
DA:20,1
DA:21,1
DA:24,2
DA:25,2
DA:26,1
DA:27,1
DA:29,1
DA:32,1
DA:33,1
DA:35,1
DA:38,1
DA:39,1
DA:40,0
DA:41,0
DA:43,1
DA:46,0
DA:47,0
DA:48,0
DA:52,2
DA:53,2
DA:75,2
DA:76,2
DA:111,2
LF:36
LH:31
BRDA:12,0,0,1
BRDA:25,1,0,1
BRDA:39,2,0,0
BRF:3
BRH:2
end_of_record
