TN:
SF:__tests__/datasets.ts
FNF:0
FNH:0
DA:5,2
DA:26,2
DA:53,2
LF:3
LH:3
BRF:0
BRH:0
end_of_record
TN:
SF:__tests__/test-helpers.ts
FNF:0
FNH:0
DA:1,2
DA:2,2
DA:4,2
LF:3
LH:3
BRF:0
BRH:0
end_of_record
TN:
SF:src/app.ts
FN:14,(anonymous_1)
FNF:1
FNH:0
FNDA:0,(anonymous_1)
DA:1,2
DA:2,2
DA:3,2
DA:4,2
DA:5,2
DA:8,2
DA:10,2
DA:12,2
DA:14,2
DA:15,0
DA:18,2
DA:19,2
DA:20,2
LF:13
LH:12
BRF:0
BRH:0
end_of_record
TN:
SF:src/middlewares.ts
FN:10,(anonymous_0)
FN:20,(anonymous_1)
FN:27,(anonymous_2)
FN:37,(anonymous_3)
FNF:4
FNH:3
FNDA:1,(anonymous_0)
FNDA:6,(anonymous_1)
FNDA:0,(anonymous_2)
FNDA:6,(anonymous_3)
DA:2,2
DA:3,2
DA:4,2
DA:9,2
DA:11,1
DA:12,1
DA:13,0
DA:14,0
DA:16,1
DA:20,2
DA:21,6
DA:22,6
DA:23,6
DA:24,6
DA:26,6
DA:28,0
DA:33,6
DA:34,0
DA:37,2
DA:38,6
DA:39,6
DA:40,6
DA:41,6
DA:42,6
DA:43,6
DA:45,0
LF:26
LH:21
BRDA:12,0,0,0
BRDA:23,1,0,6
BRDA:42,2,0,6
BRDA:42,2,1,0
BRDA:42,3,0,6
BRDA:42,3,1,6
BRF:6
BRH:4
end_of_record
TN:
SF:src/settings.ts
FNF:0
FNH:0
DA:1,2
DA:2,2
DA:4,2
LF:3
LH:3
BRDA:5,0,0,2
BRDA:5,0,1,2
BRF:2
BRH:2
end_of_record
TN:
SF:src/blogs/blogRepository.ts
FN:5,(anonymous_0)
FN:19,(anonymous_1)
FN:20,(anonymous_2)
FN:22,(anonymous_3)
FN:29,(anonymous_4)
FN:32,(anonymous_5)
FN:33,(anonymous_6)
FN:43,(anonymous_7)
FN:50,(anonymous_8)
FN:51,(anonymous_9)
FN:57,(anonymous_10)
FN:65,(anonymous_11)
FNF:12
FNH:11
FNDA:1,(anonymous_0)
FNDA:3,(anonymous_1)
FNDA:5,(anonymous_2)
FNDA:2,(anonymous_3)
FNDA:2,(anonymous_4)
FNDA:1,(anonymous_5)
FNDA:1,(anonymous_6)
FNDA:3,(anonymous_7)
FNDA:1,(anonymous_8)
FNDA:1,(anonymous_9)
FNDA:3,(anonymous_10)
FNDA:0,(anonymous_11)
DA:2,2
DA:4,2
DA:6,1
DA:11,1
DA:12,1
DA:15,0
DA:17,1
DA:20,5
DA:23,2
DA:24,2
DA:25,1
DA:27,1
DA:30,2
DA:33,1
DA:34,1
DA:35,0
DA:37,1
DA:42,1
DA:43,3
DA:46,0
DA:48,1
DA:51,1
DA:52,1
DA:53,0
DA:56,1
DA:57,3
DA:60,0
DA:63,1
DA:66,0
LF:29
LH:23
BRDA:24,0,0,1
BRDA:34,1,0,0
BRDA:43,2,0,1
BRDA:43,2,1,2
BRDA:52,3,0,0
BRF:5
BRH:3
end_of_record
TN:
SF:src/blogs/blogsController.ts
FN:9,(anonymous_0)
FN:17,(anonymous_1)
FN:21,(anonymous_2)
FN:29,(anonymous_3)
FN:37,(anonymous_4)
FNF:5
FNH:5
FNDA:2,(anonymous_0)
FNDA:1,(anonymous_1)
FNDA:2,(anonymous_2)
FNDA:1,(anonymous_3)
FNDA:1,(anonymous_4)
DA:1,2
DA:2,2
DA:3,2
DA:4,2
DA:6,2
DA:8,2
DA:10,2
DA:11,2
DA:12,1
DA:13,1
DA:15,1
DA:18,1
DA:19,1
DA:22,2
DA:23,2
DA:24,1
DA:25,1
DA:27,1
DA:30,1
DA:31,1
DA:32,0
DA:33,0
DA:35,1
DA:38,1
DA:39,1
DA:40,0
DA:41,0
DA:43,1
DA:47,2
DA:48,2
DA:70,2
DA:100,2
DA:101,2
LF:33
LH:29
BRDA:11,0,0,1
BRDA:23,1,0,1
BRDA:31,2,0,0
BRDA:39,3,0,0
BRF:4
BRH:2
end_of_record
TN:
SF:src/db/db.ts
FN:15,(anonymous_0)
FNF:1
FNH:1
FNDA:16,(anonymous_0)
DA:9,2
DA:15,2
DA:16,16
DA:17,2
DA:18,2
DA:19,2
DA:23,14
DA:24,14
LF:8
LH:8
BRDA:16,0,0,2
BRDA:23,1,0,14
BRDA:23,1,1,0
BRDA:24,2,0,14
BRDA:24,2,1,0
BRF:5
BRH:3
end_of_record
TN:
SF:src/posts/postRepository.ts
FN:5,(anonymous_0)
FN:6,(anonymous_1)
FN:15,(anonymous_2)
FN:16,(anonymous_3)
FN:18,(anonymous_4)
FN:25,(anonymous_5)
FN:28,(anonymous_6)
FN:29,(anonymous_7)
FN:39,(anonymous_8)
FN:46,(anonymous_9)
FN:47,(anonymous_10)
FN:53,(anonymous_11)
FN:60,(anonymous_12)
FNF:13
FNH:12
FNDA:1,(anonymous_0)
FNDA:1,(anonymous_1)
FNDA:2,(anonymous_2)
FNDA:4,(anonymous_3)
FNDA:2,(anonymous_4)
FNDA:2,(anonymous_5)
FNDA:1,(anonymous_6)
FNDA:1,(anonymous_7)
FNDA:3,(anonymous_8)
FNDA:1,(anonymous_9)
FNDA:1,(anonymous_10)
FNDA:3,(anonymous_11)
FNDA:0,(anonymous_12)
DA:2,2
DA:4,2
DA:6,1
DA:7,1
DA:12,1
DA:13,1
DA:16,4
DA:19,2
DA:20,2
DA:21,1
DA:23,1
DA:26,2
DA:29,1
DA:30,1
DA:31,0
DA:33,1
DA:38,1
DA:39,3
DA:42,0
DA:44,1
DA:47,1
DA:48,1
DA:49,0
DA:52,1
DA:53,3
DA:56,0
DA:58,1
DA:61,0
LF:28
LH:23
BRDA:10,0,0,1
BRDA:10,0,1,0
BRDA:10,1,0,0
BRDA:10,1,1,1
BRDA:10,2,0,1
BRDA:10,2,1,1
BRDA:20,3,0,1
BRDA:30,4,0,0
BRDA:39,5,0,1
BRDA:39,5,1,2
BRDA:48,6,0,0
BRF:11
BRH:7
end_of_record
TN:
SF:src/posts/postsController.ts
FN:10,(anonymous_0)
FN:18,(anonymous_1)
FN:23,(anonymous_2)
FN:31,(anonymous_3)
FN:40,(anonymous_4)
FN:48,(anonymous_5)
FNF:6
FNH:5
FNDA:2,(anonymous_0)
FNDA:1,(anonymous_1)
FNDA:2,(anonymous_2)
FNDA:1,(anonymous_3)
FNDA:1,(anonymous_4)
FNDA:0,(anonymous_5)
DA:1,2
DA:2,2
DA:3,2
DA:4,2
DA:5,2
DA:7,2
DA:9,2
DA:11,2
DA:12,2
DA:13,1
DA:14,1
DA:16,1
DA:19,1
DA:20,1
DA:21,1
DA:24,2
DA:25,2
DA:26,1
DA:27,1
DA:29,1
DA:32,1
DA:33,1
DA:34,1
DA:35,0
DA:36,0
DA:38,1
DA:41,1
DA:42,1
DA:43,0
DA:44,0
DA:46,1
DA:49,0
DA:50,0
DA:51,0
DA:55,2
DA:56,2
DA:78,2
DA:79,2
DA:114,2
LF:39
LH:32
BRDA:12,0,0,1
BRDA:25,1,0,1
BRDA:34,2,0,0
BRDA:42,3,0,0
BRF:4
BRH:2
end_of_record
